<?xml version="1.0" encoding="UTF-8"?>
<!-- Generated by org.testng.reporters.JUnitReportReporter -->
<testsuite skipped="0" hostname="ALOHA08-PC" name="com.popflow.Automation.testcases.CreateWorkspaceActivityTest" tests="1" failures="0" timestamp="27 Jul 2020 15:09:37 GMT" time="59.732" errors="0">
  <testcase name="verifyCreateContactActivity" time="59.732" classname="com.popflow.Automation.testcases.CreateWorkspaceActivityTest"/>
</testsuite> <!-- com.popflow.Automation.testcases.CreateWorkspaceActivityTest -->
