<?xml version="1.0" encoding="UTF-8"?>
<!-- Generated by org.testng.reporters.JUnitReportReporter -->
<testsuite skipped="0" hostname="ALOHA08-PC" name="com.popflow.Automation.testcases.CreateWorkspaceActivityTest" tests="1" failures="0" timestamp="12 Jun 2021 08:14:36 GMT" time="56.237" errors="0">
  <testcase name="verifyRenameActivity" time="56.237" classname="com.popflow.Automation.testcases.CreateWorkspaceActivityTest"/>
</testsuite> <!-- com.popflow.Automation.testcases.CreateWorkspaceActivityTest -->
