<?xml version="1.0" encoding="UTF-8"?>
<!-- Generated by org.testng.reporters.JUnitReportReporter -->
<testsuite skipped="0" hostname="ALOHA08-PC" name="com.popflow.Automation.testcases.CreateWorkspaceActivityTest" tests="1" failures="0" timestamp="30 Nov 2020 15:23:44 GMT" time="167.523" errors="0">
  <testcase name="verifyCreateContactActivity" time="167.523" classname="com.popflow.Automation.testcases.CreateWorkspaceActivityTest"/>
</testsuite> <!-- com.popflow.Automation.testcases.CreateWorkspaceActivityTest -->
