<?xml version="1.0" encoding="UTF-8"?>
<!-- Generated by org.testng.reporters.JUnitReportReporter -->
<testsuite skipped="0" hostname="ALOHA08-PC" name="com.popflow.Automation.testcases.PopFlowHomePageTest" tests="15" failures="0" timestamp="27 Oct 2020 14:50:46 GMT" time="208.368" errors="0">
  <testcase name="verifyErroMessageForLongWFName" time="10.217" classname="com.popflow.Automation.testcases.PopFlowHomePageTest"/>
  <testcase name="verifyImportOverrideWorkflowFunctionality" time="23.865" classname="com.popflow.Automation.testcases.PopFlowHomePageTest"/>
  <testcase name="verifyPopflowVersion" time="11.673" classname="com.popflow.Automation.testcases.PopFlowHomePageTest"/>
  <testcase name="verifyAddNewWorkflowFunctionality" time="11.737" classname="com.popflow.Automation.testcases.PopFlowHomePageTest"/>
  <testcase name="verifyImportWorkflowFunctionalityWithOptionNew" time="23.200" classname="com.popflow.Automation.testcases.PopFlowHomePageTest"/>
  <testcase name="verifyAddNewCustomEventFunctionality" time="12.306" classname="com.popflow.Automation.testcases.PopFlowHomePageTest"/>
  <testcase name="verifyErroMessageForLongWFDescrition" time="11.019" classname="com.popflow.Automation.testcases.PopFlowHomePageTest"/>
  <testcase name="verifyEditWorkflowDescriptionFunctionality" time="15.907" classname="com.popflow.Automation.testcases.PopFlowHomePageTest"/>
  <testcase name="verifyImportWorkflowFunctionality" time="21.493" classname="com.popflow.Automation.testcases.PopFlowHomePageTest"/>
  <testcase name="verifyLoginWithValidCRMCredentials" time="9.068" classname="com.popflow.Automation.testcases.PopFlowHomePageTest"/>
  <testcase name="verifyEditWorkflowFunctionality" time="16.085" classname="com.popflow.Automation.testcases.PopFlowHomePageTest"/>
  <testcase name="verifyCRMInsatnceNavigation" time="9.452" classname="com.popflow.Automation.testcases.PopFlowHomePageTest"/>
  <testcase name="verifyDuplicateWorkflowFuncttionality" time="12.783" classname="com.popflow.Automation.testcases.PopFlowHomePageTest"/>
  <testcase name="verifyPopflowEvents" time="10.377" classname="com.popflow.Automation.testcases.PopFlowHomePageTest"/>
  <testcase name="verifyDeleteWorkflowFunctionality" time="9.186" classname="com.popflow.Automation.testcases.PopFlowHomePageTest"/>
</testsuite> <!-- com.popflow.Automation.testcases.PopFlowHomePageTest -->
