<?xml version="1.0" encoding="UTF-8"?>
<!-- Generated by org.testng.reporters.JUnitReportReporter -->
<testsuite skipped="0" hostname="ALOHA08-PC" name="com.popflow.Automation.testcases.CreateWorkspaceActivityTest" tests="17" failures="0" timestamp="04 Nov 2020 15:51:33 GMT" time="900.424" errors="0">
  <testcase name="verifyCreateContactActivity" time="68.570" classname="com.popflow.Automation.testcases.CreateWorkspaceActivityTest"/>
  <testcase name="verifyUnPublishWorkflow" time="32.789" classname="com.popflow.Automation.testcases.CreateWorkspaceActivityTest"/>
  <testcase name="verifyCreateTaskActivity" time="60.955" classname="com.popflow.Automation.testcases.CreateWorkspaceActivityTest"/>
  <testcase name="verifyOnOpenEvent" time="83.154" classname="com.popflow.Automation.testcases.CreateWorkspaceActivityTest"/>
  <testcase name="verifyRePublishWorkflow" time="34.422" classname="com.popflow.Automation.testcases.CreateWorkspaceActivityTest"/>
  <testcase name="verifyAddingCreateWorkspaceActivity" time="24.294" classname="com.popflow.Automation.testcases.CreateWorkspaceActivityTest"/>
  <testcase name="verifyOnDataLoadedEvent" time="82.602" classname="com.popflow.Automation.testcases.CreateWorkspaceActivityTest"/>
  <testcase name="verifyOnRecordCloseEvent" time="82.664" classname="com.popflow.Automation.testcases.CreateWorkspaceActivityTest"/>
  <testcase name="verifyOnRecordSaveEvent" time="82.580" classname="com.popflow.Automation.testcases.CreateWorkspaceActivityTest"/>
  <testcase name="verifyPinActivity" time="26.097" classname="com.popflow.Automation.testcases.CreateWorkspaceActivityTest"/>
  <testcase name="verifyCreateOrganizationActivity" time="61.901" classname="com.popflow.Automation.testcases.CreateWorkspaceActivityTest"/>
  <testcase name="verifyCreateIncidentActivity" time="66.399" classname="com.popflow.Automation.testcases.CreateWorkspaceActivityTest"/>
  <testcase name="verifyDeleteActivity" time="24.789" classname="com.popflow.Automation.testcases.CreateWorkspaceActivityTest"/>
  <testcase name="verifyPublishWorkflow" time="32.109" classname="com.popflow.Automation.testcases.CreateWorkspaceActivityTest"/>
  <testcase name="verifyCopyActivity" time="28.454" classname="com.popflow.Automation.testcases.CreateWorkspaceActivityTest"/>
  <testcase name="verifyOnEditorLoadedEvent" time="81.547" classname="com.popflow.Automation.testcases.CreateWorkspaceActivityTest"/>
  <testcase name="verifyEditActivity" time="27.098" classname="com.popflow.Automation.testcases.CreateWorkspaceActivityTest"/>
</testsuite> <!-- com.popflow.Automation.testcases.CreateWorkspaceActivityTest -->
