<?xml version="1.0" encoding="UTF-8"?>
<!-- Generated by org.testng.reporters.JUnitReportReporter -->
<testsuite skipped="0" hostname="ALOHA08-PC" name="com.popflow.Automation.testcases.CreateWorkspaceActivityTest" tests="11" failures="0" timestamp="27 Oct 2020 14:50:46 GMT" time="597.703" errors="0">
  <testcase name="verifyEditActivity" time="26.369" classname="com.popflow.Automation.testcases.CreateWorkspaceActivityTest"/>
  <testcase name="verifyOnEditorLoadedEvent" time="84.881" classname="com.popflow.Automation.testcases.CreateWorkspaceActivityTest"/>
  <testcase name="verifyCreateContactActivity" time="67.769" classname="com.popflow.Automation.testcases.CreateWorkspaceActivityTest"/>
  <testcase name="verifyCopyActivity" time="30.401" classname="com.popflow.Automation.testcases.CreateWorkspaceActivityTest"/>
  <testcase name="verifyPinActivity" time="26.077" classname="com.popflow.Automation.testcases.CreateWorkspaceActivityTest"/>
  <testcase name="verifyCreateIncidentActivity" time="69.557" classname="com.popflow.Automation.testcases.CreateWorkspaceActivityTest"/>
  <testcase name="verifyAddingCreateWorkspaceActivity" time="21.367" classname="com.popflow.Automation.testcases.CreateWorkspaceActivityTest"/>
  <testcase name="verifyOnRecordCloseEvent" time="82.712" classname="com.popflow.Automation.testcases.CreateWorkspaceActivityTest"/>
  <testcase name="verifyOnDataLoadedEvent" time="81.847" classname="com.popflow.Automation.testcases.CreateWorkspaceActivityTest"/>
  <testcase name="verifyDeleteActivity" time="24.396" classname="com.popflow.Automation.testcases.CreateWorkspaceActivityTest"/>
  <testcase name="verifyOnRecordSaveEvent" time="82.327" classname="com.popflow.Automation.testcases.CreateWorkspaceActivityTest"/>
</testsuite> <!-- com.popflow.Automation.testcases.CreateWorkspaceActivityTest -->
