<?xml version="1.0" encoding="UTF-8"?>
<!-- Generated by org.testng.reporters.JUnitReportReporter -->
<testsuite skipped="0" hostname="ALOHA08-PC" name="com.popflow.Automation.testcases.PopFlowHomePageTest" tests="15" failures="0" timestamp="15 Oct 2020 09:02:35 GMT" time="560.576" errors="0">
  <testcase name="verifyEditWorkflowFunctionality" time="34.907" classname="com.popflow.Automation.testcases.PopFlowHomePageTest"/>
  <testcase name="verifyImportWorkflowFunctionality" time="44.998" classname="com.popflow.Automation.testcases.PopFlowHomePageTest"/>
  <testcase name="verifyPopflowEvents" time="32.463" classname="com.popflow.Automation.testcases.PopFlowHomePageTest"/>
  <testcase name="verifyErroMessageForLongWFDescrition" time="74.728" classname="com.popflow.Automation.testcases.PopFlowHomePageTest"/>
  <testcase name="verifyDeleteWorkflowFunctionality" time="35.289" classname="com.popflow.Automation.testcases.PopFlowHomePageTest"/>
  <testcase name="verifyDuplicateWorkflowFuncttionality" time="34.397" classname="com.popflow.Automation.testcases.PopFlowHomePageTest"/>
  <testcase name="verifyAddNewWorkflowFunctionality" time="31.941" classname="com.popflow.Automation.testcases.PopFlowHomePageTest"/>
  <testcase name="verifyErroMessageForLongWFName" time="31.050" classname="com.popflow.Automation.testcases.PopFlowHomePageTest"/>
  <testcase name="verifyImportWorkflowFunctionalityWithOptionNew" time="43.597" classname="com.popflow.Automation.testcases.PopFlowHomePageTest"/>
  <testcase name="verifyCRMInsatnceNavigation" time="29.357" classname="com.popflow.Automation.testcases.PopFlowHomePageTest"/>
  <testcase name="verifyImportOverrideWorkflowFunctionality" time="42.630" classname="com.popflow.Automation.testcases.PopFlowHomePageTest"/>
  <testcase name="verifyAddNewCustomEventFunctionality" time="32.346" classname="com.popflow.Automation.testcases.PopFlowHomePageTest"/>
  <testcase name="verifyPopflowVersion" time="26.902" classname="com.popflow.Automation.testcases.PopFlowHomePageTest"/>
  <testcase name="verifyLoginWithValidCRMCredentials" time="29.185" classname="com.popflow.Automation.testcases.PopFlowHomePageTest"/>
  <testcase name="verifyEditWorkflowDescriptionFunctionality" time="36.786" classname="com.popflow.Automation.testcases.PopFlowHomePageTest"/>
</testsuite> <!-- com.popflow.Automation.testcases.PopFlowHomePageTest -->
