<?xml version="1.0" encoding="UTF-8"?>
<!-- Generated by org.testng.reporters.JUnitReportReporter -->
<testsuite skipped="0" hostname="ALOHA08-PC" name="com.popflow.Automation.testcases.PopFlowHomePageTest" tests="10" failures="0" timestamp="27 Jul 2020 12:06:06 GMT" time="164.817" errors="0">
  <testcase name="verifyAddNewWorkflowFunctionality" time="15.768" classname="com.popflow.Automation.testcases.PopFlowHomePageTest"/>
  <testcase name="verifyCRMInsatnceNavigation" time="12.656" classname="com.popflow.Automation.testcases.PopFlowHomePageTest"/>
  <testcase name="verifyDeleteWorkflowFunctionality" time="12.785" classname="com.popflow.Automation.testcases.PopFlowHomePageTest"/>
  <testcase name="verifyPopflowVersion" time="10.874" classname="com.popflow.Automation.testcases.PopFlowHomePageTest"/>
  <testcase name="verifyLoginWithValidCRMCredentials" time="11.841" classname="com.popflow.Automation.testcases.PopFlowHomePageTest"/>
  <testcase name="verifyDuplicateWorkflowFuncttionality" time="16.347" classname="com.popflow.Automation.testcases.PopFlowHomePageTest"/>
  <testcase name="verifyloginWithInvalidCRMCredentials" time="28.793" classname="com.popflow.Automation.testcases.PopFlowHomePageTest"/>
  <testcase name="verifyPopflowEvents" time="15.458" classname="com.popflow.Automation.testcases.PopFlowHomePageTest"/>
  <testcase name="verifyEditWorkflowFunctionality" time="25.447" classname="com.popflow.Automation.testcases.PopFlowHomePageTest"/>
  <testcase name="verifyErroMessageForLongWFName" time="14.848" classname="com.popflow.Automation.testcases.PopFlowHomePageTest"/>
</testsuite> <!-- com.popflow.Automation.testcases.PopFlowHomePageTest -->
