<?xml version="1.0" encoding="UTF-8"?>
<!-- Generated by org.testng.reporters.JUnitReportReporter -->
<testsuite skipped="0" hostname="ALOHA08-PC" name="com.popflow.Automation.testcases.PopFlowHomePageTest" tests="15" failures="0" timestamp="04 Nov 2020 15:51:33 GMT" time="211.326" errors="0">
  <testcase name="verifyLoginWithValidCRMCredentials" time="8.927" classname="com.popflow.Automation.testcases.PopFlowHomePageTest"/>
  <testcase name="verifyImportWorkflowFunctionalityWithOptionNew" time="23.486" classname="com.popflow.Automation.testcases.PopFlowHomePageTest"/>
  <testcase name="verifyDeleteWorkflowFunctionality" time="9.913" classname="com.popflow.Automation.testcases.PopFlowHomePageTest"/>
  <testcase name="verifyCRMInsatnceNavigation" time="9.409" classname="com.popflow.Automation.testcases.PopFlowHomePageTest"/>
  <testcase name="verifyDuplicateWorkflowFuncttionality" time="14.797" classname="com.popflow.Automation.testcases.PopFlowHomePageTest"/>
  <testcase name="verifyEditWorkflowFunctionality" time="15.328" classname="com.popflow.Automation.testcases.PopFlowHomePageTest"/>
  <testcase name="verifyPopflowVersion" time="9.123" classname="com.popflow.Automation.testcases.PopFlowHomePageTest"/>
  <testcase name="verifyImportOverrideWorkflowFunctionality" time="23.513" classname="com.popflow.Automation.testcases.PopFlowHomePageTest"/>
  <testcase name="verifyEditWorkflowDescriptionFunctionality" time="14.866" classname="com.popflow.Automation.testcases.PopFlowHomePageTest"/>
  <testcase name="verifyAddNewWorkflowFunctionality" time="13.062" classname="com.popflow.Automation.testcases.PopFlowHomePageTest"/>
  <testcase name="verifyErroMessageForLongWFName" time="11.739" classname="com.popflow.Automation.testcases.PopFlowHomePageTest"/>
  <testcase name="verifyAddNewCustomEventFunctionality" time="13.356" classname="com.popflow.Automation.testcases.PopFlowHomePageTest"/>
  <testcase name="verifyPopflowEvents" time="11.462" classname="com.popflow.Automation.testcases.PopFlowHomePageTest"/>
  <testcase name="verifyErroMessageForLongWFDescrition" time="10.959" classname="com.popflow.Automation.testcases.PopFlowHomePageTest"/>
  <testcase name="verifyImportWorkflowFunctionality" time="21.386" classname="com.popflow.Automation.testcases.PopFlowHomePageTest"/>
</testsuite> <!-- com.popflow.Automation.testcases.PopFlowHomePageTest -->
