<?xml version="1.0" encoding="UTF-8"?>
<!-- Generated by org.testng.reporters.JUnitReportReporter -->
<testsuite skipped="0" hostname="ALOHA08-PC" name="com.popflow.Automation.testcases.CRMInstancePageTest" tests="2" failures="0" timestamp="17 Jul 2020 11:48:07 GMT" time="20.155" errors="0">
  <testcase name="verify" time="8.982" classname="com.popflow.Automation.testcases.CRMInstancePageTest"/>
  <testcase name="verifyCRMInstancePageTest" time="11.173" classname="com.popflow.Automation.testcases.CRMInstancePageTest"/>
</testsuite> <!-- com.popflow.Automation.testcases.CRMInstancePageTest -->
