<?xml version="1.0" encoding="UTF-8"?>
<!-- Generated by org.testng.reporters.JUnitReportReporter -->
<testsuite skipped="0" hostname="ALOHA08-PC" name="com.popflow.Automation.testcases.PopFlowHomePageTest" tests="1" failures="0" timestamp="28 Jul 2020 13:03:40 GMT" time="23.678" errors="0">
  <testcase name="verifyImportWorkflowFunctionality" time="23.678" classname="com.popflow.Automation.testcases.PopFlowHomePageTest"/>
</testsuite> <!-- com.popflow.Automation.testcases.PopFlowHomePageTest -->
